2024-06-05T08:08:28  fix: handle empty input gracefully
2024-07-15T15:25:35  perf: micro-optimization
2024-08-07T10:42:42  style: formatting
2024-08-24T17:59:49  chore: bump dev tooling
2024-09-16T12:16:56  docs: expand examples
2024-10-10T19:33:03  test: strengthen coverage
2024-10-26T14:50:10  chore: tune defaults
2024-11-19T09:07:17  refactor: simplify helper
2025-01-05T16:24:24  chore: routine maintenance
2025-01-22T11:41:31  docs: clarify usage notes
2025-02-14T18:58:38  test: add edge case
2025-03-10T13:15:45  refactor: tidy internals
2025-03-26T08:32:52  fix: handle empty input gracefully
2025-04-19T15:49:59  perf: micro-optimization
2025-05-12T10:06:06  style: formatting
2025-06-22T17:23:13  chore: bump dev tooling
2025-07-15T12:40:20  docs: expand examples
2025-08-07T19:57:27  test: strengthen coverage
2025-08-24T14:14:34  chore: tune defaults
2025-09-16T09:31:41  refactor: simplify helper
2025-10-03T16:48:48  chore: routine maintenance
2025-11-19T11:05:55  docs: clarify usage notes
2025-12-13T18:22:02  test: add edge case
2025-12-29T13:39:09  refactor: tidy internals
2026-01-22T08:56:16  fix: handle empty input gracefully
2026-02-14T15:13:23  perf: micro-optimization
2026-03-03T10:30:30  style: formatting
2026-03-26T17:47:37  chore: bump dev tooling
2026-04-19T12:04:44  docs: expand examples
2026-05-29T19:21:51  test: strengthen coverage
